09:13:03.841 [main] DEBUG com.intuit.karate.Suite - [config] classpath:karate-config.js
09:13:05.113 [main] INFO  com.intuit.karate - karate.env system property was: null 
09:13:05.507 [main] DEBUG com.intuit.karate - request:
1 > GET http://localhost:8080/priorities
1 > Accept: application/json
1 > x-correlation-id: 550e8400-e29b-41d4-a716-446655440000
1 > x-request-id: 6ba7b810-9dad-11d1-80b4-00c04fd430c8
1 > x-transaction-id: 7c9e6679-7425-40de-944b-e07fc1f90ae7
1 > Host: localhost:8080
1 > Connection: Keep-Alive
1 > User-Agent: Apache-HttpClient/4.5.14 (Java/17.0.12)
1 > Accept-Encoding: gzip,deflate


09:13:05.546 [main] DEBUG com.intuit.karate - response time in milliseconds: 35
1 < 200
1 < Access-Control-Allow-Origin: *
1 < Access-Control-Allow-Methods: DELETE, GET, OPTIONS, PATCH, POST, PUT
1 < Access-Control-Max-Age: 3600
1 < Access-Control-Allow-Headers: x-requested-with, authorization, Content-Type, Authorization, credential, X-XSRF-TOKEN, x-correlation-id, x-request-id, x-transaction-id
1 < Content-Type: application/json
1 < Transfer-Encoding: chunked
1 < Date: Wed, 10 Dec 2025 14:13:05 GMT
1 < Keep-Alive: timeout=60
1 < Connection: keep-alive
[{"idPriority":1,"name":"Alta","description":"Tareas de alta prioridad"},{"idPriority":2,"name":"Media","description":"Tareas de prioridad media"},{"idPriority":3,"name":"Baja","description":"Tareas de baja prioridad"}]

09:13:05.573 [main] ERROR com.intuit.karate - classpath:resources/features/gestionPrioridades/getPriorities.feature:22
And match each response.idPriority == '#number'
match failed: EACH_EQUALS
  $ | actual is not an array or list (STRING:STRING)
  '#notpresent'
  '#number'

classpath:resources/features/gestionPrioridades/getPriorities.feature:22
09:13:29.748 [main] DEBUG com.intuit.karate.Suite - [config] classpath:karate-config.js
09:13:30.946 [main] INFO  com.intuit.karate - karate.env system property was: null 
09:13:31.303 [main] DEBUG com.intuit.karate - request:
1 > GET http://localhost:8080/priorities
1 > Accept: application/json
1 > x-correlation-id: 550e8400-e29b-41d4-a716-446655440000
1 > x-request-id: 6ba7b810-9dad-11d1-80b4-00c04fd430c8
1 > x-transaction-id: 7c9e6679-7425-40de-944b-e07fc1f90ae7
1 > Host: localhost:8080
1 > Connection: Keep-Alive
1 > User-Agent: Apache-HttpClient/4.5.14 (Java/17.0.12)
1 > Accept-Encoding: gzip,deflate


09:13:31.340 [main] DEBUG com.intuit.karate - response time in milliseconds: 34
1 < 200
1 < Access-Control-Allow-Origin: *
1 < Access-Control-Allow-Methods: DELETE, GET, OPTIONS, PATCH, POST, PUT
1 < Access-Control-Max-Age: 3600
1 < Access-Control-Allow-Headers: x-requested-with, authorization, Content-Type, Authorization, credential, X-XSRF-TOKEN, x-correlation-id, x-request-id, x-transaction-id
1 < Content-Type: application/json
1 < Transfer-Encoding: chunked
1 < Date: Wed, 10 Dec 2025 14:13:31 GMT
1 < Keep-Alive: timeout=60
1 < Connection: keep-alive
[{"idPriority":1,"name":"Alta","description":"Tareas de alta prioridad"},{"idPriority":2,"name":"Media","description":"Tareas de prioridad media"},{"idPriority":3,"name":"Baja","description":"Tareas de baja prioridad"}]

